<?xml version="1.0" encoding="UTF-8"?>
<testng-results ignored="1" total="15" passed="13" failed="1" skipped="0">
  <reporter-output>
  </reporter-output>
  <suite started-at="2022-06-11T14:46:25 CDT" name="Command line suite" finished-at="2022-06-11T14:48:36 CDT" duration-ms="130894">
    <groups>
    </groups>
    <test started-at="2022-06-11T14:46:25 CDT" name="Command line test" finished-at="2022-06-11T14:48:36 CDT" duration-ms="130894">
      <class name="scripts._03_EtsyTest">
        <test-method is-config="true" signature="setup()[pri:0, instance:scripts._03_EtsyTest@69b0fd6f]" started-at="2022-06-11T14:46:25 CDT" name="setup" finished-at="2022-06-11T14:46:27 CDT" duration-ms="1847" status="PASS">
          <reporter-output>
          </reporter-output>
        </test-method> <!-- setup -->
        <test-method signature="testEtsyLogo()[pri:1, instance:scripts._03_EtsyTest@69b0fd6f]" started-at="2022-06-11T14:46:27 CDT" name="testEtsyLogo" finished-at="2022-06-11T14:46:30 CDT" duration-ms="3098" status="PASS">
          <reporter-output>
          </reporter-output>
        </test-method> <!-- testEtsyLogo -->
        <test-method is-config="true" signature="teardown()[pri:0, instance:scripts._03_EtsyTest@69b0fd6f]" started-at="2022-06-11T14:46:30 CDT" name="teardown" finished-at="2022-06-11T14:46:33 CDT" duration-ms="3235" status="PASS">
          <reporter-output>
          </reporter-output>
        </test-method> <!-- teardown -->
        <test-method is-config="true" signature="setup()[pri:0, instance:scripts._03_EtsyTest@69b0fd6f]" started-at="2022-06-11T14:46:33 CDT" name="setup" finished-at="2022-06-11T14:46:34 CDT" duration-ms="1188" status="PASS">
          <reporter-output>
          </reporter-output>
        </test-method> <!-- setup -->
        <test-method signature="testEtsySearch()[pri:3, instance:scripts._03_EtsyTest@69b0fd6f]" started-at="2022-06-11T14:46:34 CDT" name="testEtsySearch" finished-at="2022-06-11T14:46:37 CDT" duration-ms="2607" status="PASS">
          <reporter-output>
          </reporter-output>
        </test-method> <!-- testEtsySearch -->
        <test-method is-config="true" signature="teardown()[pri:0, instance:scripts._03_EtsyTest@69b0fd6f]" started-at="2022-06-11T14:46:37 CDT" name="teardown" finished-at="2022-06-11T14:46:40 CDT" duration-ms="3183" status="PASS">
          <reporter-output>
          </reporter-output>
        </test-method> <!-- teardown -->
        <test-method is-config="true" signature="setup()[pri:0, instance:scripts._03_EtsyTest@69b0fd6f]" started-at="2022-06-11T14:46:40 CDT" name="setup" finished-at="2022-06-11T14:46:41 CDT" duration-ms="1193" status="PASS">
          <reporter-output>
          </reporter-output>
        </test-method> <!-- setup -->
        <test-method signature="testEtsySearchResult()[pri:2, instance:scripts._03_EtsyTest@69b0fd6f]" started-at="2022-06-11T14:46:41 CDT" name="testEtsySearchResult" finished-at="2022-06-11T14:46:46 CDT" depends-on-methods="scripts._03_EtsyTest.testEtsySearch" duration-ms="4545" status="PASS">
          <reporter-output>
          </reporter-output>
        </test-method> <!-- testEtsySearchResult -->
        <test-method is-config="true" signature="teardown()[pri:0, instance:scripts._03_EtsyTest@69b0fd6f]" started-at="2022-06-11T14:46:46 CDT" name="teardown" finished-at="2022-06-11T14:46:49 CDT" duration-ms="3285" status="PASS">
          <reporter-output>
          </reporter-output>
        </test-method> <!-- teardown -->
        <test-method is-config="true" signature="setup()[pri:0, instance:scripts._03_EtsyTest@69b0fd6f]" started-at="2022-06-11T14:46:49 CDT" name="setup" finished-at="2022-06-11T14:46:50 CDT" duration-ms="1187" status="PASS">
          <reporter-output>
          </reporter-output>
        </test-method> <!-- setup -->
        <test-method signature="testMainHeader()[pri:4, instance:scripts._03_EtsyTest@69b0fd6f]" started-at="2022-06-11T14:46:50 CDT" name="testMainHeader" description="TC905: Validate Etsy main header" finished-at="2022-06-11T14:46:52 CDT" duration-ms="1616" status="PASS">
          <reporter-output>
          </reporter-output>
        </test-method> <!-- testMainHeader -->
        <test-method is-config="true" signature="teardown()[pri:0, instance:scripts._03_EtsyTest@69b0fd6f]" started-at="2022-06-11T14:46:52 CDT" name="teardown" finished-at="2022-06-11T14:46:55 CDT" duration-ms="3586" status="PASS">
          <reporter-output>
          </reporter-output>
        </test-method> <!-- teardown -->
      </class> <!-- scripts._03_EtsyTest -->
      <class name="scripts._07_DropdownTest">
        <test-method is-config="true" signature="setup()[pri:0, instance:scripts._07_DropdownTest@757942a1]" started-at="2022-06-11T14:46:55 CDT" name="setup" finished-at="2022-06-11T14:46:57 CDT" duration-ms="1215" status="PASS">
          <reporter-output>
          </reporter-output>
        </test-method> <!-- setup -->
        <test-method signature="testUnsecurePasswordErrorMessage()[pri:1, instance:scripts._07_DropdownTest@757942a1]" started-at="2022-06-11T14:46:57 CDT" name="testUnsecurePasswordErrorMessage" description="TC763: Validate FaceBook sign in error message for password" finished-at="2022-06-11T14:47:01 CDT" duration-ms="4627" status="PASS">
          <reporter-output>
          </reporter-output>
        </test-method> <!-- testUnsecurePasswordErrorMessage -->
        <test-method is-config="true" signature="teardown()[pri:0, instance:scripts._07_DropdownTest@757942a1]" started-at="2022-06-11T14:47:01 CDT" name="teardown" finished-at="2022-06-11T14:47:04 CDT" duration-ms="3150" status="PASS">
          <reporter-output>
          </reporter-output>
        </test-method> <!-- teardown -->
        <test-method is-config="true" signature="setup()[pri:0, instance:scripts._07_DropdownTest@757942a1]" started-at="2022-06-11T14:47:04 CDT" name="setup" finished-at="2022-06-11T14:47:06 CDT" duration-ms="1222" status="PASS">
          <reporter-output>
          </reporter-output>
        </test-method> <!-- setup -->
        <test-method signature="testExpediaDropdowns()[pri:2, instance:scripts._07_DropdownTest@757942a1]" started-at="2022-06-11T14:47:06 CDT" name="testExpediaDropdowns" description="TC578: Validate Expedia dropdowns" finished-at="2022-06-11T14:47:25 CDT" duration-ms="19891" status="FAIL">
          <exception class="org.openqa.selenium.StaleElementReferenceException">
            <message>
              <![CDATA[stale element reference: element is not attached to the page document
  (Session info: chrome=102.0.5005.61)
For documentation on this error, please visit: https://www.seleniumhq.org/exceptions/stale_element_reference.html
Build info: version: '3.141.59', revision: 'e82be7d358', time: '2018-11-14T08:17:03'
System info: host: 'Salahs-MacBook-Pro.local', ip: '2601:240:cd01:8a42:a1af:8147:8b06:6eb8%en0', os.name: 'Mac OS X', os.arch: 'x86_64', os.version: '12.4', java.version: '18.0.1'
Driver info: org.openqa.selenium.chrome.ChromeDriver
Capabilities {acceptInsecureCerts: false, browserName: chrome, browserVersion: 102.0.5005.61, chrome: {chromedriverVersion: 102.0.5005.61 (0e59bcc00cc4..., userDataDir: /var/folders/68/18dhcxr13jz...}, goog:chromeOptions: {debuggerAddress: localhost:49794}, javascriptEnabled: true, networkConnectionEnabled: false, pageLoadStrategy: normal, platform: MAC, platformName: MAC, proxy: Proxy(), setWindowRect: true, strictFileInteractability: false, timeouts: {implicit: 0, pageLoad: 300000, script: 30000}, unhandledPromptBehavior: dismiss and notify, webauthn:extension:credBlob: true, webauthn:extension:largeBlob: true, webauthn:virtualAuthenticators: true}
Session ID: 7b0383acc5f710b53c8f0429ec7576d1]]>
            </message>
            <full-stacktrace>
              <![CDATA[org.openqa.selenium.StaleElementReferenceException: stale element reference: element is not attached to the page document
  (Session info: chrome=102.0.5005.61)
For documentation on this error, please visit: https://www.seleniumhq.org/exceptions/stale_element_reference.html
Build info: version: '3.141.59', revision: 'e82be7d358', time: '2018-11-14T08:17:03'
System info: host: 'Salahs-MacBook-Pro.local', ip: '2601:240:cd01:8a42:a1af:8147:8b06:6eb8%en0', os.name: 'Mac OS X', os.arch: 'x86_64', os.version: '12.4', java.version: '18.0.1'
Driver info: org.openqa.selenium.chrome.ChromeDriver
Capabilities {acceptInsecureCerts: false, browserName: chrome, browserVersion: 102.0.5005.61, chrome: {chromedriverVersion: 102.0.5005.61 (0e59bcc00cc4..., userDataDir: /var/folders/68/18dhcxr13jz...}, goog:chromeOptions: {debuggerAddress: localhost:49794}, javascriptEnabled: true, networkConnectionEnabled: false, pageLoadStrategy: normal, platform: MAC, platformName: MAC, proxy: Proxy(), setWindowRect: true, strictFileInteractability: false, timeouts: {implicit: 0, pageLoad: 300000, script: 30000}, unhandledPromptBehavior: dismiss and notify, webauthn:extension:credBlob: true, webauthn:extension:largeBlob: true, webauthn:virtualAuthenticators: true}
Session ID: 7b0383acc5f710b53c8f0429ec7576d1
at java.base/jdk.internal.reflect.DirectConstructorHandleAccessor.newInstance(DirectConstructorHandleAccessor.java:67)
at java.base/java.lang.reflect.Constructor.newInstanceWithCaller(Constructor.java:499)
at java.base/java.lang.reflect.Constructor.newInstance(Constructor.java:483)
at org.openqa.selenium.remote.http.W3CHttpResponseCodec.createException(W3CHttpResponseCodec.java:187)
at org.openqa.selenium.remote.http.W3CHttpResponseCodec.decode(W3CHttpResponseCodec.java:122)
at org.openqa.selenium.remote.http.W3CHttpResponseCodec.decode(W3CHttpResponseCodec.java:49)
at org.openqa.selenium.remote.HttpCommandExecutor.execute(HttpCommandExecutor.java:158)
at org.openqa.selenium.remote.service.DriverCommandExecutor.execute(DriverCommandExecutor.java:83)
at org.openqa.selenium.remote.RemoteWebDriver.execute(RemoteWebDriver.java:552)
at org.openqa.selenium.remote.RemoteWebElement.execute(RemoteWebElement.java:285)
at org.openqa.selenium.remote.RemoteWebElement.click(RemoteWebElement.java:84)
at java.base/jdk.internal.reflect.DirectMethodHandleAccessor.invoke(DirectMethodHandleAccessor.java:104)
at java.base/java.lang.reflect.Method.invoke(Method.java:577)
at org.openqa.selenium.support.pagefactory.internal.LocatingElementHandler.invoke(LocatingElementHandler.java:51)
at jdk.proxy2/jdk.proxy2.$Proxy9.click(Unknown Source)
at scripts._07_DropdownTest.testExpediaDropdowns(_07_DropdownTest.java:82)
at java.base/jdk.internal.reflect.DirectMethodHandleAccessor.invoke(DirectMethodHandleAccessor.java:104)
at java.base/java.lang.reflect.Method.invoke(Method.java:577)
at org.testng.internal.MethodInvocationHelper.invokeMethod(MethodInvocationHelper.java:134)
at org.testng.internal.TestInvoker.invokeMethod(TestInvoker.java:597)
at org.testng.internal.TestInvoker.invokeTestMethod(TestInvoker.java:173)
at org.testng.internal.MethodRunner.runInSequence(MethodRunner.java:46)
at org.testng.internal.TestInvoker$MethodInvocationAgent.invoke(TestInvoker.java:816)
at org.testng.internal.TestInvoker.invokeTestMethods(TestInvoker.java:146)
at org.testng.internal.TestMethodWorker.invokeTestMethods(TestMethodWorker.java:146)
at org.testng.internal.TestMethodWorker.run(TestMethodWorker.java:128)
at java.base/java.util.ArrayList.forEach(ArrayList.java:1511)
at org.testng.TestRunner.privateRun(TestRunner.java:766)
at org.testng.TestRunner.run(TestRunner.java:587)
at org.testng.SuiteRunner.runTest(SuiteRunner.java:384)
at org.testng.SuiteRunner.runSequentially(SuiteRunner.java:378)
at org.testng.SuiteRunner.privateRun(SuiteRunner.java:337)
at org.testng.SuiteRunner.run(SuiteRunner.java:286)
at org.testng.SuiteRunnerWorker.runSuite(SuiteRunnerWorker.java:53)
at org.testng.SuiteRunnerWorker.run(SuiteRunnerWorker.java:96)
at org.testng.TestNG.runSuitesSequentially(TestNG.java:1187)
at org.testng.TestNG.runSuitesLocally(TestNG.java:1109)
at org.testng.TestNG.runSuites(TestNG.java:1039)
at org.testng.TestNG.run(TestNG.java:1007)
at org.apache.maven.surefire.testng.TestNGExecutor.run(TestNGExecutor.java:77)
at org.apache.maven.surefire.testng.TestNGDirectoryTestSuite.executeMulti(TestNGDirectoryTestSuite.java:159)
at org.apache.maven.surefire.testng.TestNGDirectoryTestSuite.execute(TestNGDirectoryTestSuite.java:99)
at org.apache.maven.surefire.testng.TestNGProvider.invoke(TestNGProvider.java:106)
at java.base/jdk.internal.reflect.DirectMethodHandleAccessor.invoke(DirectMethodHandleAccessor.java:104)
at java.base/java.lang.reflect.Method.invoke(Method.java:577)
at org.apache.maven.surefire.util.ReflectionUtils.invokeMethodWithArray(ReflectionUtils.java:189)
at org.apache.maven.surefire.booter.ProviderFactory$ProviderProxy.invoke(ProviderFactory.java:165)
at org.apache.maven.surefire.booter.ProviderFactory.invokeProvider(ProviderFactory.java:85)
at org.apache.maven.surefire.booter.ForkedBooter.runSuitesInProcess(ForkedBooter.java:115)
at org.apache.maven.surefire.booter.ForkedBooter.main(ForkedBooter.java:75)
]]>
            </full-stacktrace>
          </exception> <!-- org.openqa.selenium.StaleElementReferenceException -->
          <reporter-output>
          </reporter-output>
        </test-method> <!-- testExpediaDropdowns -->
        <test-method is-config="true" signature="teardown()[pri:0, instance:scripts._07_DropdownTest@757942a1]" started-at="2022-06-11T14:47:25 CDT" name="teardown" finished-at="2022-06-11T14:47:29 CDT" duration-ms="3448" status="PASS">
          <reporter-output>
          </reporter-output>
        </test-method> <!-- teardown -->
        <test-method is-config="true" signature="setup()[pri:0, instance:scripts._07_DropdownTest@757942a1]" started-at="2022-06-11T14:47:29 CDT" name="setup" finished-at="2022-06-11T14:47:30 CDT" duration-ms="1230" status="PASS">
          <reporter-output>
          </reporter-output>
        </test-method> <!-- setup -->
        <test-method signature="testEbayDropdown()[pri:3, instance:scripts._07_DropdownTest@757942a1]" started-at="2022-06-11T14:47:30 CDT" name="testEbayDropdown" description="TC242: Validate Ebay dropdown" finished-at="2022-06-11T14:47:30 CDT" duration-ms="0" status="PASS">
          <reporter-output>
          </reporter-output>
        </test-method> <!-- testEbayDropdown -->
        <test-method is-config="true" signature="teardown()[pri:0, instance:scripts._07_DropdownTest@757942a1]" started-at="2022-06-11T14:47:30 CDT" name="teardown" finished-at="2022-06-11T14:47:33 CDT" duration-ms="3094" status="PASS">
          <reporter-output>
          </reporter-output>
        </test-method> <!-- teardown -->
      </class> <!-- scripts._07_DropdownTest -->
      <class name="scripts._02_TechGlobalTest">
        <test-method is-config="true" signature="setup()[pri:0, instance:scripts._02_TechGlobalTest@66d1af89]" started-at="2022-06-11T14:47:48 CDT" name="setup" finished-at="2022-06-11T14:47:49 CDT" duration-ms="1186" status="PASS">
          <reporter-output>
          </reporter-output>
        </test-method> <!-- setup -->
        <test-method signature="testApplicationFormHeading()[pri:0, instance:scripts._02_TechGlobalTest@66d1af89]" started-at="2022-06-11T14:47:49 CDT" name="testApplicationFormHeading" description="TC123: Validate Application form heading" finished-at="2022-06-11T14:47:51 CDT" duration-ms="1632" status="PASS">
          <reporter-output>
          </reporter-output>
        </test-method> <!-- testApplicationFormHeading -->
        <test-method is-config="true" signature="teardown()[pri:0, instance:scripts._02_TechGlobalTest@66d1af89]" started-at="2022-06-11T14:47:51 CDT" name="teardown" finished-at="2022-06-11T14:47:54 CDT" duration-ms="3177" status="PASS">
          <reporter-output>
          </reporter-output>
        </test-method> <!-- teardown -->
      </class> <!-- scripts._02_TechGlobalTest -->
      <class name="scripts._01_AppleTest">
        <test-method is-config="true" signature="setup()[pri:0, instance:scripts._01_AppleTest@8646db9]" started-at="2022-06-11T14:47:54 CDT" name="setup" finished-at="2022-06-11T14:47:55 CDT" duration-ms="1163" status="PASS">
          <reporter-output>
          </reporter-output>
        </test-method> <!-- setup -->
        <test-method signature="testAppleTitle()[pri:1, instance:scripts._01_AppleTest@8646db9]" started-at="2022-06-11T14:47:55 CDT" name="testAppleTitle" description="TC345" finished-at="2022-06-11T14:47:56 CDT" duration-ms="1530" status="PASS">
          <reporter-output>
          </reporter-output>
        </test-method> <!-- testAppleTitle -->
        <test-method is-config="true" signature="teardown()[pri:0, instance:scripts._01_AppleTest@8646db9]" started-at="2022-06-11T14:47:56 CDT" name="teardown" finished-at="2022-06-11T14:48:00 CDT" duration-ms="3189" status="PASS">
          <reporter-output>
          </reporter-output>
        </test-method> <!-- teardown -->
        <test-method is-config="true" signature="setup()[pri:0, instance:scripts._01_AppleTest@8646db9]" started-at="2022-06-11T14:48:00 CDT" name="setup" finished-at="2022-06-11T14:48:01 CDT" duration-ms="1234" status="PASS">
          <reporter-output>
          </reporter-output>
        </test-method> <!-- setup -->
        <test-method signature="testAppleURL()[pri:2, instance:scripts._01_AppleTest@8646db9]" started-at="2022-06-11T14:48:01 CDT" name="testAppleURL" description="TC873" finished-at="2022-06-11T14:48:06 CDT" duration-ms="4914" status="PASS">
          <reporter-output>
          </reporter-output>
        </test-method> <!-- testAppleURL -->
        <test-method is-config="true" signature="teardown()[pri:0, instance:scripts._01_AppleTest@8646db9]" started-at="2022-06-11T14:48:06 CDT" name="teardown" finished-at="2022-06-11T14:48:09 CDT" duration-ms="3158" status="PASS">
          <reporter-output>
          </reporter-output>
        </test-method> <!-- teardown -->
      </class> <!-- scripts._01_AppleTest -->
      <class name="scripts._06_RadioButtonTest">
        <test-method is-config="true" signature="setup()[pri:0, instance:scripts._06_RadioButtonTest@4671e53b]" started-at="2022-06-11T14:48:22 CDT" name="setup" finished-at="2022-06-11T14:48:23 CDT" duration-ms="1197" status="PASS">
          <reporter-output>
          </reporter-output>
        </test-method> <!-- setup -->
        <test-method signature="testFacebookGenderRadioButtons()[pri:1, instance:scripts._06_RadioButtonTest@4671e53b]" started-at="2022-06-11T14:48:23 CDT" name="testFacebookGenderRadioButtons" description="TC234: Validate Facebook gender radio buttons" finished-at="2022-06-11T14:48:33 CDT" duration-ms="9056" status="PASS">
          <reporter-output>
          </reporter-output>
        </test-method> <!-- testFacebookGenderRadioButtons -->
        <test-method is-config="true" signature="teardown()[pri:0, instance:scripts._06_RadioButtonTest@4671e53b]" started-at="2022-06-11T14:48:33 CDT" name="teardown" finished-at="2022-06-11T14:48:36 CDT" duration-ms="3115" status="PASS">
          <reporter-output>
          </reporter-output>
        </test-method> <!-- teardown -->
      </class> <!-- scripts._06_RadioButtonTest -->
      <class name="scripts._04_GoogleSearchTest">
        <test-method is-config="true" signature="setup()[pri:0, instance:scripts._04_GoogleSearchTest@4a87761d]" started-at="2022-06-11T14:47:33 CDT" name="setup" finished-at="2022-06-11T14:47:34 CDT" duration-ms="1196" status="PASS">
          <reporter-output>
          </reporter-output>
        </test-method> <!-- setup -->
        <test-method signature="testGoogleSearch()[pri:1, instance:scripts._04_GoogleSearchTest@4a87761d]" started-at="2022-06-11T14:47:34 CDT" name="testGoogleSearch" description="TC765: Validate Google search" finished-at="2022-06-11T14:47:37 CDT" duration-ms="3004" status="PASS">
          <reporter-output>
          </reporter-output>
        </test-method> <!-- testGoogleSearch -->
        <test-method is-config="true" signature="teardown()[pri:0, instance:scripts._04_GoogleSearchTest@4a87761d]" started-at="2022-06-11T14:47:37 CDT" name="teardown" finished-at="2022-06-11T14:47:41 CDT" duration-ms="3213" status="PASS">
          <reporter-output>
          </reporter-output>
        </test-method> <!-- teardown -->
        <test-method is-config="true" signature="setup()[pri:0, instance:scripts._04_GoogleSearchTest@4a87761d]" started-at="2022-06-11T14:47:41 CDT" name="setup" finished-at="2022-06-11T14:47:42 CDT" duration-ms="1165" status="PASS">
          <reporter-output>
          </reporter-output>
        </test-method> <!-- setup -->
        <test-method signature="testGoogleStoreLink()[pri:2, instance:scripts._04_GoogleSearchTest@4a87761d]" started-at="2022-06-11T14:47:42 CDT" name="testGoogleStoreLink" description="TC123: Validate Google Store link" finished-at="2022-06-11T14:47:45 CDT" duration-ms="2735" status="PASS">
          <reporter-output>
          </reporter-output>
        </test-method> <!-- testGoogleStoreLink -->
        <test-method is-config="true" signature="teardown()[pri:0, instance:scripts._04_GoogleSearchTest@4a87761d]" started-at="2022-06-11T14:47:45 CDT" name="teardown" finished-at="2022-06-11T14:47:48 CDT" duration-ms="3207" status="PASS">
          <reporter-output>
          </reporter-output>
        </test-method> <!-- teardown -->
      </class> <!-- scripts._04_GoogleSearchTest -->
      <class name="scripts._05_CheckBoxTest">
        <test-method is-config="true" signature="setup()[pri:0, instance:scripts._05_CheckBoxTest@37374a5e]" started-at="2022-06-11T14:48:09 CDT" name="setup" finished-at="2022-06-11T14:48:10 CDT" duration-ms="1201" status="PASS">
          <reporter-output>
          </reporter-output>
        </test-method> <!-- setup -->
        <test-method signature="testCheckBoxInHeroApp()[pri:1, instance:scripts._05_CheckBoxTest@37374a5e]" started-at="2022-06-11T14:48:10 CDT" name="testCheckBoxInHeroApp" description="TC001: Validate checkbox in hero app" finished-at="2022-06-11T14:48:19 CDT" duration-ms="9015" status="PASS">
          <reporter-output>
          </reporter-output>
        </test-method> <!-- testCheckBoxInHeroApp -->
        <test-method is-config="true" signature="teardown()[pri:0, instance:scripts._05_CheckBoxTest@37374a5e]" started-at="2022-06-11T14:48:19 CDT" name="teardown" finished-at="2022-06-11T14:48:22 CDT" duration-ms="3121" status="PASS">
          <reporter-output>
          </reporter-output>
        </test-method> <!-- teardown -->
      </class> <!-- scripts._05_CheckBoxTest -->
    </test> <!-- Command line test -->
  </suite> <!-- Command line suite -->
</testng-results>
